-------------输出逐小时单独-------------------
-------逐小时输出-------------
[tensor(17133), tensor(11662), tensor(7832), tensor(3730), tensor(1131), tensor(47), tensor(70), tensor(89), tensor(24), tensor(15), tensor(26), tensor(94)]
[tensor(98290), tensor(100643), tensor(71941), tensor(36640), tensor(14027), tensor(4105), tensor(2189), tensor(2016), tensor(1391), tensor(782), tensor(707), tensor(1145)]
[tensor(5889), tensor(9418), tensor(12186), tensor(15969), tensor(20070), tensor(23186), tensor(23245), tensor(21289), tensor(20081), tensor(19656), tensor(21107), tensor(23041)]
[tensor(5845004), tensor(5844593), tensor(5874357), tensor(5909977), tensor(5931088), tensor(5938978), tensor(5940812), tensor(5942922), tensor(5944820), tensor(5945863), tensor(5944476), tensor(5942036)]
 0.74420, 0.55323, 0.39125, 0.18935, 0.05335, 0.00202, 0.00300, 0.00416, 0.00119, 0.00076, 0.00123, 0.00406,
 0.85156, 0.89616, 0.90182, 0.90760, 0.92539, 0.98868, 0.96901, 0.95772, 0.98304, 0.98118, 0.96453, 0.92413,
 0.14123, 0.09581, 0.08517, 0.06621, 0.03211, 0.00172, 0.00274, 0.00380, 0.00112, 0.00073, 0.00119, 0.00387,
 0.13807, 0.09285, 0.08250, 0.06399, 0.03062, 0.00113, 0.00240, 0.00348, 0.00089, 0.00060, 0.00107, 0.00367,
------------neighbor-----------------
[tensor(47392), tensor(32495), tensor(21565), tensor(9802), tensor(2995), tensor(348), tensor(458), tensor(418), tensor(153), tensor(63), tensor(100), tensor(293)]
[tensor(98290), tensor(100643), tensor(71941), tensor(36640), tensor(14027), tensor(4105), tensor(2189), tensor(2016), tensor(1391), tensor(782), tensor(707), tensor(1145)]
[tensor(5889), tensor(9418), tensor(12186), tensor(15969), tensor(20070), tensor(23186), tensor(23245), tensor(21289), tensor(20081), tensor(19656), tensor(21107), tensor(23041)]
[tensor(5845004), tensor(5844593), tensor(5874357), tensor(5909977), tensor(5931088), tensor(5938978), tensor(5940812), tensor(5942922), tensor(5944820), tensor(5945863), tensor(5944476), tensor(5942036)]
 0.88947, 0.77530, 0.63894, 0.38035, 0.12985, 0.01479, 0.01932, 0.01926, 0.00756, 0.00319, 0.00472, 0.01256,
 0.67469, 0.75593, 0.76937, 0.78894, 0.82405, 0.92185, 0.82697, 0.82827, 0.90091, 0.92544, 0.87608, 0.79624,
 0.31267, 0.22795, 0.20404, 0.15706, 0.08075, 0.01259, 0.01769, 0.01762, 0.00708, 0.00307, 0.00456, 0.01197,
 0.30675, 0.22286, 0.20004, 0.15434, 0.07911, 0.01196, 0.01729, 0.01725, 0.00683, 0.00294, 0.00443, 0.01174,
---逐小时输出完毕---
-------------输出逐小时累加-------------------
-----累加输出完毕----
 0.74420 0.68140 0.61601 0.54965 0.48193 0.42300 0.38083 0.34889 0.32300 0.29988 0.27915 0.26106
 0.85156 0.82096 0.79488 0.77280 0.75813 0.74651 0.73673 0.72947 0.72381 0.71966 0.71502 0.71008
 0.14123 0.16521 0.18187 0.19154 0.19196 0.18836 0.18436 0.17977 0.17493 0.16944 0.16417 0.15924
 0.13807 0.16011 0.17522 0.18358 0.18273 0.17792 0.17288 0.16743 0.16183 0.15565 0.14970 0.14408
-----邻居-----
 0.88947 0.79120 0.69470 0.60385 0.51871 0.44619 0.39307 0.35360 0.32232 0.29572 0.27172 0.25002
 0.67469 0.72130 0.73205 0.73143 0.73013 0.72824 0.72661 0.72537 0.72444 0.72367 0.72255 0.72189
 0.31267 0.25961 0.23972 0.22834 0.21583 0.20321 0.19224 0.18284 0.17447 0.16665 0.15912 0.15162
 0.30675 0.25264 0.23188 0.21962 0.20612 0.19247 0.18060 0.17043 0.16139 0.15293 0.14478 0.13666
pre执行完毕
