-------逐小时输出-------------
[tensor(17145), tensor(11521), tensor(7551), tensor(5635), tensor(5304), tensor(4861), tensor(3604), tensor(2906), tensor(2786), tensor(2512), tensor(2283), tensor(1863)]
[tensor(94719), tensor(98725), tensor(82575), tensor(70725), tensor(62007), tensor(53525), tensor(45946), tensor(41661), tensor(38467), tensor(34079), tensor(29790), tensor(23581)]
[tensor(5877), tensor(9559), tensor(12467), tensor(14064), tensor(15897), tensor(18372), tensor(19711), tensor(18472), tensor(17319), tensor(17159), tensor(18850), tensor(21272)]
[tensor(5848575), tensor(5846511), tensor(5863723), tensor(5875892), tensor(5883108), tensor(5889558), tensor(5897055), tensor(5903277), tensor(5907744), tensor(5912566), tensor(5915393), tensor(5919600)]
 0.74472, 0.54654, 0.37721, 0.28606, 0.25018, 0.20923, 0.15458, 0.13593, 0.13857, 0.12770, 0.10803, 0.08053,
 0.84673, 0.89550, 0.91622, 0.92620, 0.92120, 0.91674, 0.92727, 0.93479, 0.93247, 0.93135, 0.92882, 0.92678,
 0.14562, 0.09616, 0.07360, 0.06232, 0.06374, 0.06333, 0.05204, 0.04610, 0.04757, 0.04673, 0.04483, 0.03988,
 0.14247, 0.09322, 0.07086, 0.05970, 0.06104, 0.06055, 0.04938, 0.04368, 0.04530, 0.04459, 0.04270, 0.03785,
------------neighbor-----------------
[tensor(46844), tensor(31947), tensor(21736), tensor(15937), tensor(14615), tensor(13273), tensor(9793), tensor(7872), tensor(7548), tensor(6583), tensor(6110), tensor(5292)]
[tensor(94719), tensor(98725), tensor(82575), tensor(70725), tensor(62007), tensor(53525), tensor(45946), tensor(41661), tensor(38467), tensor(34079), tensor(29790), tensor(23581)]
[tensor(5877), tensor(9559), tensor(12467), tensor(14064), tensor(15897), tensor(18372), tensor(19711), tensor(18472), tensor(17319), tensor(17159), tensor(18850), tensor(21272)]
[tensor(5848575), tensor(5846511), tensor(5863723), tensor(5875892), tensor(5883108), tensor(5889558), tensor(5897055), tensor(5903277), tensor(5907744), tensor(5912566), tensor(5915393), tensor(5919600)]
 0.88853, 0.76970, 0.63550, 0.53122, 0.47899, 0.41943, 0.33192, 0.29882, 0.30353, 0.27727, 0.24479, 0.19922,
 0.66909, 0.75552, 0.79162, 0.81610, 0.80926, 0.80130, 0.82431, 0.84108, 0.83597, 0.83810, 0.82981, 0.81671,
 0.31772, 0.22782, 0.18613, 0.15822, 0.15797, 0.15584, 0.12979, 0.11576, 0.11918, 0.11385, 0.11160, 0.10553,
 0.31191, 0.22280, 0.18195, 0.15457, 0.15439, 0.15232, 0.12661, 0.11291, 0.11650, 0.11137, 0.10916, 0.10324,
---逐小时输出完毕---
-------------输出逐小时累加-------------------
-----累加输出完毕----
 0.74472 0.67618 0.61736 0.57940 0.54680 0.51510 0.48502 0.45885 0.43914 0.42093 0.40455 0.38735
 0.84673 0.82339 0.80550 0.79139 0.77600 0.76155 0.75207 0.74732 0.74244 0.73684 0.72965 0.72138
 0.14562 0.16284 0.17357 0.18117 0.18893 0.19473 0.19626 0.19467 0.19381 0.19321 0.19339 0.19339
 0.14247 0.15773 0.16682 0.17286 0.17908 0.18334 0.18346 0.18059 0.17856 0.17688 0.17598 0.17493
-----邻居-----
 0.88853 0.78655 0.69298 0.61734 0.54910 0.48654 0.43492 0.39415 0.36203 0.33413 0.30865 0.28440
 0.66909 0.72541 0.74750 0.76412 0.77438 0.78168 0.78778 0.79402 0.79909 0.80222 0.80420 0.80464
 0.31772 0.25555 0.22710 0.20579 0.19035 0.17744 0.16635 0.15645 0.14838 0.14186 0.13611 0.13098
 0.31191 0.24859 0.21916 0.19689 0.18047 0.16650 0.15437 0.14346 0.13447 0.12710 0.12049 0.11451
pre执行完毕
