-------------输出逐小时单独-------------------
-------逐小时输出-------------
[tensor(13699), tensor(10172), tensor(7896), tensor(6198), tensor(4922), tensor(4093), tensor(3471), tensor(3103), tensor(2929), tensor(2789), tensor(2390), tensor(2036)]
[tensor(56313), tensor(84661), tensor(87081), tensor(77620), tensor(67162), tensor(57133), tensor(55096), tensor(52425), tensor(48866), tensor(42803), tensor(37053), tensor(31853)]
[tensor(9323), tensor(10908), tensor(12122), tensor(13501), tensor(16279), tensor(19140), tensor(19844), tensor(18275), tensor(17176), tensor(16882), tensor(18743), tensor(21099)]
[tensor(5886981), tensor(5860575), tensor(5859217), tensor(5868997), tensor(5877953), tensor(5885950), tensor(5887905), tensor(5892513), tensor(5897345), tensor(5903842), tensor(5908130), tensor(5911328)]
 0.59504, 0.48254, 0.39445, 0.31464, 0.23216, 0.17617, 0.14887, 0.14515, 0.14569, 0.14178, 0.11309, 0.08801,
 0.80433, 0.89274, 0.91686, 0.92605, 0.93172, 0.93315, 0.94073, 0.94412, 0.94345, 0.93883, 0.93941, 0.93992,
 0.17267, 0.09620, 0.07373, 0.06369, 0.05570, 0.05093, 0.04427, 0.04204, 0.04247, 0.04464, 0.04108, 0.03703,
 0.16985, 0.09332, 0.07096, 0.06102, 0.05296, 0.04811, 0.04147, 0.03945, 0.04004, 0.04234, 0.03877, 0.03472,
------------neighbor-----------------
[tensor(34702), tensor(27636), tensor(22394), tensor(17248), tensor(13957), tensor(11799), tensor(10012), tensor(9022), tensor(8373), tensor(7589), tensor(6645), tensor(5829)]
[tensor(56313), tensor(84661), tensor(87081), tensor(77620), tensor(67162), tensor(57133), tensor(55096), tensor(52425), tensor(48866), tensor(42803), tensor(37053), tensor(31853)]
[tensor(9323), tensor(10908), tensor(12122), tensor(13501), tensor(16279), tensor(19140), tensor(19844), tensor(18275), tensor(17176), tensor(16882), tensor(18743), tensor(21099)]
[tensor(5886981), tensor(5860575), tensor(5859217), tensor(5868997), tensor(5877953), tensor(5885950), tensor(5887905), tensor(5892513), tensor(5897345), tensor(5903842), tensor(5908130), tensor(5911328)]
 0.78823, 0.71700, 0.64880, 0.56093, 0.46160, 0.38136, 0.33534, 0.33051, 0.32772, 0.31012, 0.26174, 0.21647,
 0.61872, 0.75390, 0.79544, 0.81819, 0.82794, 0.82883, 0.84622, 0.85317, 0.85372, 0.84940, 0.84793, 0.84531,
 0.34585, 0.22431, 0.18417, 0.15916, 0.14330, 0.13397, 0.11785, 0.11317, 0.11252, 0.11281, 0.10642, 0.09916,
 0.34146, 0.21973, 0.17990, 0.15536, 0.13967, 0.13045, 0.11446, 0.11003, 0.10959, 0.11008, 0.10375, 0.09655,
---逐小时输出完毕---
-------------输出逐小时累加-------------------
-----累加输出完毕----
 0.59504 0.59018 0.56026 0.53053 0.50074 0.46586 0.44007 0.42064 0.40543 0.39103 0.37623 0.36032
 0.80433 0.80821 0.79422 0.77438 0.76026 0.74975 0.74252 0.73615 0.72931 0.72141 0.71302 0.70521
 0.17267 0.16925 0.17717 0.18807 0.19349 0.19445 0.19394 0.19352 0.19377 0.19429 0.19446 0.19352
 0.16985 0.16439 0.17068 0.18017 0.18412 0.18361 0.18173 0.18011 0.17928 0.17882 0.17801 0.17607
-----邻居-----
 0.78823 0.68324 0.59266 0.51707 0.45022 0.38923 0.34400 0.31042 0.28394 0.26116 0.23995 0.21996
 0.61872 0.73777 0.77167 0.78366 0.79525 0.80394 0.81210 0.81818 0.82247 0.82469 0.82599 0.82695
 0.34585 0.23380 0.19736 0.17997 0.16379 0.14993 0.13833 0.12951 0.12263 0.11719 0.11218 0.10724
 0.34146 0.22796 0.19049 0.17222 0.15505 0.14008 0.12744 0.11769 0.10998 0.10378 0.09801 0.09228
pre执行完毕
