-------------输出逐小时单独-------------------
-------逐小时输出-------------
[tensor(18060), tensor(14740), tensor(14697), tensor(15013), tensor(16259), tensor(18096), tensor(18264), tensor(16534), tensor(14739), tensor(13743), tensor(13462), tensor(13201)]
[tensor(123676), tensor(204848), tensor(498943), tensor(1398157), tensor(1683670), tensor(1757305), tensor(1752211), tensor(1728339), tensor(1700676), tensor(1679128), tensor(1654186), tensor(1628438)]
[tensor(4962), tensor(6340), tensor(5321), tensor(4686), tensor(4942), tensor(5137), tensor(5051), tensor(4844), tensor(5366), tensor(5928), tensor(7671), tensor(9934)]
[tensor(5819618), tensor(5740388), tensor(5447355), tensor(4548460), tensor(4261445), tensor(4185778), tensor(4190790), tensor(4216599), tensor(4245535), tensor(4267517), tensor(4290997), tensor(4314743)]
 0.78447, 0.69924, 0.73419, 0.76212, 0.76690, 0.77889, 0.78336, 0.77341, 0.73310, 0.69864, 0.63701, 0.57061,
 0.87258, 0.93287, 0.97139, 0.98938, 0.99044, 0.98981, 0.98968, 0.99052, 0.99141, 0.99188, 0.99193, 0.99196,
 0.12311, 0.06524, 0.02832, 0.01059, 0.00954, 0.01016, 0.01029, 0.00945, 0.00857, 0.00809, 0.00804, 0.00799,
 0.11983, 0.06202, 0.02508, 0.00732, 0.00601, 0.00630, 0.00641, 0.00590, 0.00522, 0.00482, 0.00453, 0.00415,
------------neighbor-----------------
[tensor(51193), tensor(44224), tensor(48213), tensor(50527), tensor(55011), tensor(59718), tensor(60170), tensor(55235), tensor(50921), tensor(47546), tensor(46672), tensor(45446)]
[tensor(123676), tensor(204848), tensor(498943), tensor(1398157), tensor(1683670), tensor(1757305), tensor(1752211), tensor(1728339), tensor(1700676), tensor(1679128), tensor(1654186), tensor(1628438)]
[tensor(4962), tensor(6340), tensor(5321), tensor(4686), tensor(4942), tensor(5137), tensor(5051), tensor(4844), tensor(5366), tensor(5928), tensor(7671), tensor(9934)]
[tensor(5819618), tensor(5740388), tensor(5447355), tensor(4548460), tensor(4261445), tensor(4185778), tensor(4190790), tensor(4216599), tensor(4245535), tensor(4267517), tensor(4290997), tensor(4314743)]
 0.91164, 0.87461, 0.90061, 0.91513, 0.91757, 0.92079, 0.92256, 0.91937, 0.90467, 0.88914, 0.85884, 0.82062,
 0.70725, 0.82244, 0.91188, 0.96512, 0.96836, 0.96713, 0.96680, 0.96903, 0.97093, 0.97246, 0.97256, 0.97285,
 0.28467, 0.17315, 0.08727, 0.03477, 0.03155, 0.03277, 0.03311, 0.03088, 0.02898, 0.02744, 0.02732, 0.02699,
 0.27810, 0.16629, 0.07913, 0.02583, 0.02181, 0.02225, 0.02253, 0.02112, 0.01982, 0.01873, 0.01847, 0.01798,
---逐小时输出完毕---
-------------输出逐小时累加-------------------
-----累加输出完毕----
 0.78447 0.77876 0.82747 0.85592 0.85704 0.85811 0.85942 0.86053 0.85465 0.84719 0.83491 0.81938
 0.87258 0.87349 0.91711 0.95976 0.95930 0.95406 0.94797 0.94223 0.93714 0.93228 0.92752 0.92280
 0.12311 0.12212 0.08148 0.03997 0.04042 0.04560 0.05159 0.05724 0.06219 0.06690 0.07145 0.07591
 0.11983 0.11651 0.07320 0.02881 0.02667 0.02913 0.03259 0.03594 0.03873 0.04131 0.04361 0.04565
-----邻居-----
 0.91164 0.85496 0.84545 0.83731 0.80839 0.77969 0.75497 0.73395 0.70526 0.67512 0.63765 0.59567
 0.70725 0.80481 0.90654 0.96495 0.97101 0.97259 0.97308 0.97332 0.97343 0.97349 0.97353 0.97355
 0.28467 0.18893 0.09189 0.03482 0.02879 0.02720 0.02668 0.02643 0.02628 0.02617 0.02608 0.02598
 0.27810 0.18100 0.08275 0.02488 0.01841 0.01639 0.01550 0.01490 0.01427 0.01361 0.01278 0.01175
pre执行完毕
