-------逐小时输出-------------
[tensor(448), tensor(1047), tensor(14642), tensor(19698), tensor(21201), tensor(23233), tensor(23315), tensor(21378), tensor(20105), tensor(19671), tensor(21133), tensor(23135)]
[tensor(120300), tensor(394698), tensor(4833229), tensor(5945915), tensor(5945115), tensor(5943083), tensor(5943001), tensor(5944938), tensor(5946211), tensor(5946645), tensor(5945183), tensor(5943181)]
[tensor(22574), tensor(20033), tensor(5376), tensor(1), tensor(0), tensor(0), tensor(0), tensor(0), tensor(0), tensor(0), tensor(0), tensor(0)]
[tensor(5822994), tensor(5550538), tensor(1113069), tensor(702), tensor(0), tensor(0), tensor(0), tensor(0), tensor(0), tensor(0), tensor(0), tensor(0)]
 0.01946, 0.04967, 0.73144, 0.99995, 1.00000, 1.00000, 1.00000, 1.00000, 1.00000, 1.00000, 1.00000, 1.00000,
 0.99629, 0.99735, 0.99698, 0.99670, 0.99645, 0.99611, 0.99609, 0.99642, 0.99663, 0.99670, 0.99646, 0.99612,
 0.00313, 0.00252, 0.00302, 0.00330, 0.00355, 0.00389, 0.00391, 0.00358, 0.00337, 0.00330, 0.00354, 0.00388,
 -0.00013, -0.00085, -0.00034, 0.00000, 0.00000, 0.00000, -0.00000, 0.00000, 0.00000, 0.00000, 0.00000, -0.00000,
------------neighbor-----------------
[tensor(1189), tensor(3979), tensor(53970), tensor(69549), tensor(74070), tensor(79323), tensor(80103), tensor(74717), tensor(71906), tensor(69466), tensor(73812), tensor(78888)]
[tensor(120300), tensor(394698), tensor(4833229), tensor(5945915), tensor(5945115), tensor(5943083), tensor(5943001), tensor(5944938), tensor(5946211), tensor(5946645), tensor(5945183), tensor(5943181)]
[tensor(22574), tensor(20033), tensor(5376), tensor(1), tensor(0), tensor(0), tensor(0), tensor(0), tensor(0), tensor(0), tensor(0), tensor(0)]
[tensor(5822994), tensor(5550538), tensor(1113069), tensor(702), tensor(0), tensor(0), tensor(0), tensor(0), tensor(0), tensor(0), tensor(0), tensor(0)]
 0.05004, 0.16571, 0.90941, 0.99999, 1.00000, 1.00000, 1.00000, 1.00000, 1.00000, 1.00000, 1.00000, 1.00000,
 0.99021, 0.99002, 0.98896, 0.98844, 0.98769, 0.98683, 0.98670, 0.98759, 0.98805, 0.98845, 0.98774, 0.98690,
 0.00825, 0.00950, 0.01103, 0.01156, 0.01231, 0.01317, 0.01330, 0.01241, 0.01195, 0.01155, 0.01226, 0.01310,
 0.00491, 0.00569, 0.00117, 0.00000, 0.00000, 0.00000, 0.00000, 0.00000, 0.00000, 0.00000, 0.00000, 0.00000,
---逐小时输出完毕---
-------------输出逐小时累加-------------------
-----累加输出完毕----
 0.01946 0.05495 0.70429 0.99635 1.00000 1.00000 1.00000 1.00000 1.00000 1.00000 1.00000 1.00000
 0.99629 0.99455 0.99212 0.98847 0.98577 0.98291 0.98019 0.97770 0.97533 0.97298 0.97046 0.96775
 0.00313 0.00498 0.00785 0.01153 0.01423 0.01709 0.01981 0.02230 0.02467 0.02702 0.02954 0.03225
 -0.00013 -0.00104 -0.00122 -0.00004 0.00000 0.00000 -0.00000 0.00000 0.00000 0.00000 0.00000 0.00000
-----邻居-----
 0.05004 0.03105 0.06902 0.82512 1.00000 1.00000 1.00000 1.00000 1.00000 1.00000 1.00000 1.00000
 0.99021 0.99699 0.99975 0.99980 0.99980 0.99980 0.99980 0.99980 0.99980 0.99980 0.99979 0.99979
 0.00825 0.00275 0.00025 0.00020 0.00020 0.00020 0.00020 0.00020 0.00020 0.00020 0.00021 0.00021
 0.00491 -0.00313 -0.00266 -0.00004 0.00000 0.00000 0.00000 0.00000 0.00000 0.00000 0.00000 0.00000
pre执行完毕
